<?xml version="1.0" encoding="UTF-8"?>
<testng-results skipped="0" failed="1" total="1" passed="0">
  <reporter-output>
  </reporter-output>
  <suite name="Default suite" duration-ms="2912" started-at="2021-08-03T07:07:20Z" finished-at="2021-08-03T07:07:23Z">
    <groups>
    </groups>
    <test name="Default test" duration-ms="2912" started-at="2021-08-03T07:07:20Z" finished-at="2021-08-03T07:07:23Z">
      <class name="qsp1.Testclass">
        <test-method status="FAIL" signature="hello()[pri:0, instance:qsp1.Testclass@58651fd0]" name="hello" duration-ms="2872" started-at="2021-08-03T12:37:20Z" finished-at="2021-08-03T12:37:23Z">
          <exception class="org.openqa.selenium.SessionNotCreatedException">
            <message>
              <![CDATA[session not created: This version of ChromeDriver only supports Chrome version 90
Current browser version is 92.0.4515.107 with binary path C:\Program Files (x86)\Google\Chrome\Application\chrome.exe
Build info: version: '3.141.59', revision: 'e82be7d358', time: '2018-11-14T08:25:53'
System info: host: 'DESKTOP-JI7FKHF', ip: '192.168.216.1', os.name: 'Windows 10', os.arch: 'amd64', os.version: '10.0', java.version: '1.8.0_301'
Driver info: driver.version: ChromeDriver
remote stacktrace: Backtrace:
	Ordinal0 [0x004AC013+2474003]
	Ordinal0 [0x004429C1+2042305]
	Ordinal0 [0x00352F68+1060712]
	Ordinal0 [0x0037188E+1185934]
	Ordinal0 [0x0036D600+1168896]
	Ordinal0 [0x0036AA83+1157763]
	Ordinal0 [0x0039A2A2+1352354]
	Ordinal0 [0x00398FAA+1347498]
	Ordinal0 [0x003966DB+1337051]
	Ordinal0 [0x00373427+1192999]
	Ordinal0 [0x003742EE+1196782]
	Ordinal0 [0x00374279+1196665]
	GetHandleVerifier [0x006396FC+1590332]
	GetHandleVerifier [0x006E8614+2306900]
	GetHandleVerifier [0x00539E93+543699]
	GetHandleVerifier [0x005392CE+540686]
	Ordinal0 [0x004486BA+2066106]
	Ordinal0 [0x0044D1C8+2085320]
	Ordinal0 [0x0044D308+2085640]
	Ordinal0 [0x004567F3+2123763]
	BaseThreadInitThunk [0x76BE6359+25]
	RtlGetAppContainerNamedObjectPath [0x77318964+228]
	RtlGetAppContainerNamedObjectPath [0x77318934+180]
]]>
            </message>
            <full-stacktrace>
              <![CDATA[org.openqa.selenium.SessionNotCreatedException: session not created: This version of ChromeDriver only supports Chrome version 90
Current browser version is 92.0.4515.107 with binary path C:\Program Files (x86)\Google\Chrome\Application\chrome.exe
Build info: version: '3.141.59', revision: 'e82be7d358', time: '2018-11-14T08:25:53'
System info: host: 'DESKTOP-JI7FKHF', ip: '192.168.216.1', os.name: 'Windows 10', os.arch: 'amd64', os.version: '10.0', java.version: '1.8.0_301'
Driver info: driver.version: ChromeDriver
remote stacktrace: Backtrace:
	Ordinal0 [0x004AC013+2474003]
	Ordinal0 [0x004429C1+2042305]
	Ordinal0 [0x00352F68+1060712]
	Ordinal0 [0x0037188E+1185934]
	Ordinal0 [0x0036D600+1168896]
	Ordinal0 [0x0036AA83+1157763]
	Ordinal0 [0x0039A2A2+1352354]
	Ordinal0 [0x00398FAA+1347498]
	Ordinal0 [0x003966DB+1337051]
	Ordinal0 [0x00373427+1192999]
	Ordinal0 [0x003742EE+1196782]
	Ordinal0 [0x00374279+1196665]
	GetHandleVerifier [0x006396FC+1590332]
	GetHandleVerifier [0x006E8614+2306900]
	GetHandleVerifier [0x00539E93+543699]
	GetHandleVerifier [0x005392CE+540686]
	Ordinal0 [0x004486BA+2066106]
	Ordinal0 [0x0044D1C8+2085320]
	Ordinal0 [0x0044D308+2085640]
	Ordinal0 [0x004567F3+2123763]
	BaseThreadInitThunk [0x76BE6359+25]
	RtlGetAppContainerNamedObjectPath [0x77318964+228]
	RtlGetAppContainerNamedObjectPath [0x77318934+180]

	at sun.reflect.NativeConstructorAccessorImpl.newInstance0(Native Method)
	at sun.reflect.NativeConstructorAccessorImpl.newInstance(Unknown Source)
	at sun.reflect.DelegatingConstructorAccessorImpl.newInstance(Unknown Source)
	at java.lang.reflect.Constructor.newInstance(Unknown Source)
	at org.openqa.selenium.remote.W3CHandshakeResponse.lambda$errorHandler$0(W3CHandshakeResponse.java:62)
	at org.openqa.selenium.remote.HandshakeResponse.lambda$getResponseFunction$0(HandshakeResponse.java:30)
	at org.openqa.selenium.remote.ProtocolHandshake.lambda$createSession$0(ProtocolHandshake.java:126)
	at java.util.stream.ReferencePipeline$3$1.accept(Unknown Source)
	at java.util.Spliterators$ArraySpliterator.tryAdvance(Unknown Source)
	at java.util.stream.ReferencePipeline.forEachWithCancel(Unknown Source)
	at java.util.stream.AbstractPipeline.copyIntoWithCancel(Unknown Source)
	at java.util.stream.AbstractPipeline.copyInto(Unknown Source)
	at java.util.stream.AbstractPipeline.wrapAndCopyInto(Unknown Source)
	at java.util.stream.FindOps$FindOp.evaluateSequential(Unknown Source)
	at java.util.stream.AbstractPipeline.evaluate(Unknown Source)
	at java.util.stream.ReferencePipeline.findFirst(Unknown Source)
	at org.openqa.selenium.remote.ProtocolHandshake.createSession(ProtocolHandshake.java:128)
	at org.openqa.selenium.remote.ProtocolHandshake.createSession(ProtocolHandshake.java:74)
	at org.openqa.selenium.remote.HttpCommandExecutor.execute(HttpCommandExecutor.java:136)
	at org.openqa.selenium.remote.service.DriverCommandExecutor.execute(DriverCommandExecutor.java:83)
	at org.openqa.selenium.remote.RemoteWebDriver.execute(RemoteWebDriver.java:552)
	at org.openqa.selenium.remote.RemoteWebDriver.startSession(RemoteWebDriver.java:213)
	at org.openqa.selenium.remote.RemoteWebDriver.<init>(RemoteWebDriver.java:131)
	at org.openqa.selenium.chrome.ChromeDriver.<init>(ChromeDriver.java:181)
	at org.openqa.selenium.chrome.ChromeDriver.<init>(ChromeDriver.java:168)
	at org.openqa.selenium.chrome.ChromeDriver.<init>(ChromeDriver.java:123)
	at qsp1.Testclass.hello(Testclass.java:13)
	at sun.reflect.NativeMethodAccessorImpl.invoke0(Native Method)
	at sun.reflect.NativeMethodAccessorImpl.invoke(Unknown Source)
	at sun.reflect.DelegatingMethodAccessorImpl.invoke(Unknown Source)
	at java.lang.reflect.Method.invoke(Unknown Source)
	at org.testng.internal.MethodInvocationHelper.invokeMethod(MethodInvocationHelper.java:100)
	at org.testng.internal.Invoker.invokeMethod(Invoker.java:646)
	at org.testng.internal.Invoker.invokeTestMethod(Invoker.java:811)
	at org.testng.internal.Invoker.invokeTestMethods(Invoker.java:1137)
	at org.testng.internal.TestMethodWorker.invokeTestMethods(TestMethodWorker.java:129)
	at org.testng.internal.TestMethodWorker.run(TestMethodWorker.java:112)
	at org.testng.TestRunner.privateRun(TestRunner.java:753)
	at org.testng.TestRunner.run(TestRunner.java:607)
	at org.testng.SuiteRunner.runTest(SuiteRunner.java:368)
	at org.testng.SuiteRunner.runSequentially(SuiteRunner.java:363)
	at org.testng.SuiteRunner.privateRun(SuiteRunner.java:321)
	at org.testng.SuiteRunner.run(SuiteRunner.java:270)
	at org.testng.SuiteRunnerWorker.runSuite(SuiteRunnerWorker.java:52)
	at org.testng.SuiteRunnerWorker.run(SuiteRunnerWorker.java:86)
	at org.testng.TestNG.runSuitesSequentially(TestNG.java:1284)
	at org.testng.TestNG.runSuitesLocally(TestNG.java:1209)
	at org.testng.TestNG.runSuites(TestNG.java:1124)
	at org.testng.TestNG.run(TestNG.java:1096)
	at org.testng.remote.AbstractRemoteTestNG.run(AbstractRemoteTestNG.java:132)
	at org.testng.remote.RemoteTestNG.initAndRun(RemoteTestNG.java:236)
	at org.testng.remote.RemoteTestNG.main(RemoteTestNG.java:81)
]]>
            </full-stacktrace>
          </exception> <!-- org.openqa.selenium.SessionNotCreatedException -->
          <reporter-output>
          </reporter-output>
        </test-method> <!-- hello -->
      </class> <!-- qsp1.Testclass -->
    </test> <!-- Default test -->
  </suite> <!-- Default suite -->
</testng-results>
